#
# A fatal error has been detected by the Java Runtime Environment:
#
#  EXCEPTION_ACCESS_VIOLATION (0xc0000005) at pc=0x64c2757e, pid=15036, tid=0x000073d4
#
# JRE version: Java(TM) SE Runtime Environment (8.0_191-b12) (build 1.8.0_191-b12)
# Java VM: Java HotSpot(TM) Client VM (25.191-b12 mixed mode windows-x86 )
# Problematic frame:
# V  [jvm.dll+0xe757e]
#
# Failed to write core dump. Minidumps are not enabled by default on client versions of Windows
#
# If you would like to submit a bug report, please visit:
#   http://bugreport.java.com/bugreport/crash.jsp
#

---------------  T H R E A D  ---------------

Current thread (0x296b1800):  JavaThread "EventThread COM24" [_thread_in_vm, id=29652, stack(0x02940000,0x02990000)]

siginfo: ExceptionCode=0xc0000005, reading address 0x00000000

Registers:
EAX=0x00000000, EBX=0x273ef650, ECX=0x296b1800, EDX=0x0000009f
ESP=0x0298effc, EBP=0x0298f018, ESI=0x00000000, EDI=0x296b1800
EIP=0x64c2757e, EFLAGS=0x00010246

Top of Stack: (sp=0x0298effc)
0x0298effc:   0298f034 296b1940 273ef650 296b1800
0x0298f00c:   2769e22c 0000009f 64e25568 0298f2e8
0x0298f01c:   6400183d 296b1940 00000000 00000000
0x0298f02c:   00000268 0298f034 00000000 00000000
0x0298f03c:   40e02000 000a0d62 00000000 00000000
0x0298f04c:   4040e020 0a0d2000 00000000 00000000
0x0298f05c:   e0e08000 0a0dfde0 00000000 0195fd08
0x0298f06c:   00000000 c0c0c0c0 000a0d80 00000000 

Instructions: (pc=0x64c2757e)
0x64c2755e:   c4 08 83 7f 04 00 89 7d f0 c7 45 f4 00 00 00 00
0x64c2756e:   74 08 8d 4d f0 e8 e8 34 0c 00 8b 75 10 8b 45 0c
0x64c2757e:   8b 10 85 f6 78 32 8b 45 14 85 c0 78 2b 8d 0c 06
0x64c2758e:   3b 4a 08 77 23 85 c0 7e 3b 8b 4a 04 8b 49 04 83 


Register to memory mapping:

EAX=0x00000000 is an unknown value
EBX=0x273ef650 is an unknown value
ECX=0x296b1800 is a thread
EDX=0x0000009f is an unknown value
ESP=0x0298effc is pointing into the stack for thread: 0x296b1800
EBP=0x0298f018 is pointing into the stack for thread: 0x296b1800
ESI=0x00000000 is an unknown value
EDI=0x296b1800 is a thread


Stack: [0x02940000,0x02990000],  sp=0x0298effc,  free space=315k
Native frames: (J=compiled Java code, j=interpreted, Vv=VM code, C=native code)
V  [jvm.dll+0xe757e]
C  [jSSC-2.8_x86.dll+0x183d]
J 19510  jssc.SerialNativeInterface.readBytes(JI)[B (0 bytes) @ 0x03084ba5 [0x03084b10+0x95]
J 60688 C1 processing.app.Serial.serialEvent(Ljssc/SerialPortEvent;)V (195 bytes) @ 0x02e62bb4 [0x02e62a80+0x134]
J 20464 C1 jssc.SerialPort$EventThread.run()V (84 bytes) @ 0x02c97c4c [0x02c97af0+0x15c]
v  ~StubRoutines::call_stub
V  [jvm.dll+0x15c315]
V  [jvm.dll+0x223ece]
V  [jvm.dll+0x15c3ae]
V  [jvm.dll+0x15c536]
V  [jvm.dll+0x15c5a7]
V  [jvm.dll+0x1002ef]
V  [jvm.dll+0x17f550]
V  [jvm.dll+0x17fdca]
V  [jvm.dll+0x1c57a6]
C  [msvcr100.dll+0x5c556]
C  [msvcr100.dll+0x5c600]
C  [KERNEL32.DLL+0x20419]
C  [ntdll.dll+0x6662d]
C  [ntdll.dll+0x665fd]
C  0x00000000

Java frames: (J=compiled Java code, j=interpreted, Vv=VM code)
J 19510  jssc.SerialNativeInterface.readBytes(JI)[B (0 bytes) @ 0x03084b61 [0x03084b10+0x51]
J 60688 C1 processing.app.Serial.serialEvent(Ljssc/SerialPortEvent;)V (195 bytes) @ 0x02e62bb4 [0x02e62a80+0x134]
J 20464 C1 jssc.SerialPort$EventThread.run()V (84 bytes) @ 0x02c97c4c [0x02c97af0+0x15c]
v  ~StubRoutines::call_stub

---------------  P R O C E S S  ---------------

Java Threads: ( => current thread )
=>0x296b1800 JavaThread "EventThread COM24" [_thread_in_vm, id=29652, stack(0x02940000,0x02990000)]
  0x296b2000 JavaThread "DestroyJavaVM" [_thread_blocked, id=14416, stack(0x00bb0000,0x00c00000)]
  0x27925000 JavaThread "TimerQueue" daemon [_thread_blocked, id=15100, stack(0x29580000,0x295d0000)]
  0x27926400 JavaThread "AWT-EventQueue-0" [_thread_blocked, id=14796, stack(0x28840000,0x28890000)]
  0x27923400 JavaThread "AWT-Shutdown" [_thread_blocked, id=14908, stack(0x287b0000,0x28800000)]
  0x27925c00 JavaThread "Batik CleanerThread" daemon [_thread_blocked, id=14568, stack(0x27410000,0x27460000)]
  0x27926c00 JavaThread "JmDNS(AFOEA-810051557.local.).State.Timer" [_thread_blocked, id=3972, stack(0x26ec0000,0x26f10000)]
  0x260fc800 JavaThread "JmDNS(AFOEA-810051557.local.).Timer" daemon [_thread_blocked, id=13404, stack(0x26bf0000,0x26c40000)]
  0x277a4c00 JavaThread "Multihomed mDNS.Timer" daemon [_thread_blocked, id=14480, stack(0x281f0000,0x28240000)]
  0x277b7c00 JavaThread "cc.arduino.packages.discoverers.serial.SerialDiscovery" [_thread_blocked, id=13912, stack(0x28310000,0x28360000)]
  0x263b7400 JavaThread "AWT-Windows" daemon [_thread_in_native, id=2416, stack(0x267f0000,0x26840000)]
  0x263b5c00 JavaThread "Java2D Disposer" daemon [_thread_blocked, id=14352, stack(0x266d0000,0x26720000)]
  0x25d0c800 JavaThread "Service Thread" daemon [_thread_blocked, id=15200, stack(0x26000000,0x26050000)]
  0x25cda800 JavaThread "C1 CompilerThread0" daemon [_thread_blocked, id=14492, stack(0x25f70000,0x25fc0000)]
  0x25cd9000 JavaThread "Attach Listener" daemon [_thread_blocked, id=15204, stack(0x25ee0000,0x25f30000)]
  0x25d06000 JavaThread "Signal Dispatcher" daemon [_thread_blocked, id=14364, stack(0x25440000,0x25490000)]
  0x25cbb800 JavaThread "Finalizer" daemon [_thread_blocked, id=15324, stack(0x25350000,0x253a0000)]
  0x25cb5c00 JavaThread "Reference Handler" daemon [_thread_blocked, id=15316, stack(0x252c0000,0x25310000)]

Other Threads:
  0x25ca0c00 VMThread [stack: 0x02b20000,0x02b70000] [id=15288]
  0x25d0f800 WatcherThread [stack: 0x26090000,0x260e0000] [id=12936]

VM state:synchronizing (normal execution)

VM Mutex/Monitor currently owned by a thread:  ([mutex/lock_event])
[0x009aca58] Threads_lock - owner thread: 0x25ca0c00
[0x009ad408] Heap_lock - owner thread: 0x260fc800

Heap:
 def new generation   total 157248K, used 157247K [0x04c00000, 0x0f6a0000, 0x0f6a0000)
  eden space 139776K,  99% used [0x04c00000, 0x0d47fff8, 0x0d480000)
  from space 17472K, 100% used [0x0d480000, 0x0e590000, 0x0e590000)
  to   space 17472K,   0% used [0x0e590000, 0x0e590000, 0x0f6a0000)
 tenured generation   total 349568K, used 349568K [0x0f6a0000, 0x24c00000, 0x24c00000)
   the space 349568K, 100% used [0x0f6a0000, 0x24c00000, 0x24c00000, 0x24c00000)
 Metaspace       used 22006K, capacity 22629K, committed 22912K, reserved 22912K

Card table byte_map: [0x24c00000,0x24d10000] byte_map_base: 0x24bda000

Polling page: 0x00980000

CodeCache: size=32768Kb used=2402Kb max_used=5173Kb free=30365Kb
 bounds [0x02bb0000, 0x030c0000, 0x04bb0000]
 total_blobs=1410 nmethods=1123 adapters=215
 compilation: enabled

Compilation events (10 events):
Event: 12012.781 Thread 0x25cda800 nmethod 61595 0x02df2548 code [0x02df2680, 0x02df281c]
Event: 12012.781 Thread 0x25cda800 61596             java.util.LinkedHashMap::get (33 bytes)
Event: 12012.781 Thread 0x25cda800 nmethod 61596 0x02ca0488 code [0x02ca05a0, 0x02ca06d4]
Event: 12012.781 Thread 0x25cda800 61597             java.lang.Math::max (11 bytes)
Event: 12012.781 Thread 0x25cda800 nmethod 61597 0x02f71208 code [0x02f71300, 0x02f71370]
Event: 12012.782 Thread 0x25cda800 61598             javax.swing.text.AbstractDocument$DefaultDocumentEvent::getChange (84 bytes)
Event: 12012.782 Thread 0x25cda800 nmethod 61598 0x02dda148 code [0x02dda2a0, 0x02dda674]
Event: 12013.853 Thread 0x25cda800 61599             javax.swing.text.Segment::<init> (8 bytes)
Event: 12013.853 Thread 0x25cda800 nmethod 61599 0x03086f48 code [0x03087040, 0x030870e0]
Event: 12014.308 Thread 0x25cda800 61600   !         sun.reflect.GeneratedConstructorAccessor25::newInstance (49 bytes)

GC Heap History (10 events):
Event: 12013.853 GC heap before
{Heap before GC invocations=5377 (full 2589):
 def new generation   total 157248K, used 157247K [0x04c00000, 0x0f6a0000, 0x0f6a0000)
  eden space 139776K, 100% used [0x04c00000, 0x0d480000, 0x0d480000)
  from space 17472K,  99% used [0x0d480000, 0x0e58fff0, 0x0e590000)
  to   space 17472K,   0% used [0x0e590000, 0x0e590000, 0x0f6a0000)
 tenured generation   total 349568K, used 349568K [0x0f6a0000, 0x24c00000, 0x24c00000)
   the space 349568K, 100% used [0x0f6a0000, 0x24c00000, 0x24c00000, 0x24c00000)
 Metaspace       used 22006K, capacity 22629K, committed 22912K, reserved 22912K
Event: 12014.308 GC heap after
Heap after GC invocations=5378 (full 2590):
 def new generation   total 157248K, used 157209K [0x04c00000, 0x0f6a0000, 0x0f6a0000)
  eden space 139776K,  99% used [0x04c00000, 0x0d47fff8, 0x0d480000)
  from space 17472K,  99% used [0x0d480000, 0x0e586798, 0x0e590000)
  to   space 17472K,   0% used [0x0e590000, 0x0e590000, 0x0f6a0000)
 tenured generation   total 349568K, used 349568K [0x0f6a0000, 0x24c00000, 0x24c00000)
   the space 349568K, 100% used [0x0f6a0000, 0x24c00000, 0x24c00000, 0x24c00000)
 Metaspace       used 22006K, capacity 22629K, committed 22912K, reserved 22912K
}
Event: 12014.308 GC heap before
{Heap before GC invocations=5378 (full 2590):
 def new generation   total 157248K, used 157247K [0x04c00000, 0x0f6a0000, 0x0f6a0000)
  eden space 139776K,  99% used [0x04c00000, 0x0d47fff8, 0x0d480000)
  from space 17472K, 100% used [0x0d480000, 0x0e590000, 0x0e590000)
  to   space 17472K,   0% used [0x0e590000, 0x0e590000, 0x0f6a0000)
 tenured generation   total 349568K, used 349568K [0x0f6a0000, 0x24c00000, 0x24c00000)
   the space 349568K, 100% used [0x0f6a0000, 0x24c00000, 0x24c00000, 0x24c00000)
 Metaspace       used 22006K, capacity 22629K, committed 22912K, reserved 22912K
Event: 12014.766 GC heap after
Heap after GC invocations=5379 (full 2591):
 def new generation   total 157248K, used 157239K [0x04c00000, 0x0f6a0000, 0x0f6a0000)
  eden space 139776K,  99% used [0x04c00000, 0x0d47fff8, 0x0d480000)
  from space 17472K,  99% used [0x0d480000, 0x0e58df30, 0x0e590000)
  to   space 17472K,   0% used [0x0e590000, 0x0e590000, 0x0f6a0000)
 tenured generation   total 349568K, used 349568K [0x0f6a0000, 0x24c00000, 0x24c00000)
   the space 349568K, 100% used [0x0f6a0000, 0x24c00000, 0x24c00000, 0x24c00000)
 Metaspace       used 22006K, capacity 22629K, committed 22912K, reserved 22912K
}
Event: 12014.766 GC heap before
{Heap before GC invocations=5379 (full 2591):
 def new generation   total 157248K, used 157247K [0x04c00000, 0x0f6a0000, 0x0f6a0000)
  eden space 139776K,  99% used [0x04c00000, 0x0d47fff8, 0x0d480000)
  from space 17472K,  99% used [0x0d480000, 0x0e58ffd8, 0x0e590000)
  to   space 17472K,   0% used [0x0e590000, 0x0e590000, 0x0f6a0000)
 tenured generation   total 349568K, used 349568K [0x0f6a0000, 0x24c00000, 0x24c00000)
   the space 349568K, 100% used [0x0f6a0000, 0x24c00000, 0x24c00000, 0x24c00000)
 Metaspace       used 22006K, capacity 22629K, committed 22912K, reserved 22912K
Event: 12015.240 GC heap after
Heap after GC invocations=5380 (full 2592):
 def new generation   total 157248K, used 157246K [0x04c00000, 0x0f6a0000, 0x0f6a0000)
  eden space 139776K,  99% used [0x04c00000, 0x0d47fff8, 0x0d480000)
  from space 17472K,  99% used [0x0d480000, 0x0e58fb48, 0x0e590000)
  to   space 17472K,   0% used [0x0e590000, 0x0e590000, 0x0f6a0000)
 tenured generation   total 349568K, used 349568K [0x0f6a0000, 0x24c00000, 0x24c00000)
   the space 349568K, 100% used [0x0f6a0000, 0x24c00000, 0x24c00000, 0x24c00000)
 Metaspace       used 22006K, capacity 22629K, committed 22912K, reserved 22912K
}
Event: 12015.241 GC heap before
{Heap before GC invocations=5380 (full 2592):
 def new generation   total 157248K, used 157247K [0x04c00000, 0x0f6a0000, 0x0f6a0000)
  eden space 139776K,  99% used [0x04c00000, 0x0d47fff8, 0x0d480000)
  from space 17472K,  99% used [0x0d480000, 0x0e58feb0, 0x0e590000)
  to   space 17472K,   0% used [0x0e590000, 0x0e590000, 0x0f6a0000)
 tenured generation   total 349568K, used 349568K [0x0f6a0000, 0x24c00000, 0x24c00000)
   the space 349568K, 100% used [0x0f6a0000, 0x24c00000, 0x24c00000, 0x24c00000)
 Metaspace       used 22006K, capacity 22629K, committed 22912K, reserved 22912K
Event: 12015.699 GC heap after
Heap after GC invocations=5381 (full 2593):
 def new generation   total 157248K, used 157247K [0x04c00000, 0x0f6a0000, 0x0f6a0000)
  eden space 139776K,  99% used [0x04c00000, 0x0d47fff8, 0x0d480000)
  from space 17472K,  99% used [0x0d480000, 0x0e58fe18, 0x0e590000)
  to   space 17472K,   0% used [0x0e590000, 0x0e590000, 0x0f6a0000)
 tenured generation   total 349568K, used 349568K [0x0f6a0000, 0x24c00000, 0x24c00000)
   the space 349568K, 100% used [0x0f6a0000, 0x24c00000, 0x24c00000, 0x24c00000)
 Metaspace       used 22006K, capacity 22629K, committed 22912K, reserved 22912K
}
Event: 12015.699 GC heap before
{Heap before GC invocations=5381 (full 2593):
 def new generation   total 157248K, used 157247K [0x04c00000, 0x0f6a0000, 0x0f6a0000)
  eden space 139776K,  99% used [0x04c00000, 0x0d47fff8, 0x0d480000)
  from space 17472K,  99% used [0x0d480000, 0x0e58fe18, 0x0e590000)
  to   space 17472K,   0% used [0x0e590000, 0x0e590000, 0x0f6a0000)
 tenured generation   total 349568K, used 349568K [0x0f6a0000, 0x24c00000, 0x24c00000)
   the space 349568K, 100% used [0x0f6a0000, 0x24c00000, 0x24c00000, 0x24c00000)
 Metaspace       used 22006K, capacity 22629K, committed 22912K, reserved 22912K
Event: 12016.159 GC heap after
Heap after GC invocations=5382 (full 2594):
 def new generation   total 157248K, used 157247K [0x04c00000, 0x0f6a0000, 0x0f6a0000)
  eden space 139776K,  99% used [0x04c00000, 0x0d47fff8, 0x0d480000)
  from space 17472K,  99% used [0x0d480000, 0x0e58fe18, 0x0e590000)
  to   space 17472K,   0% used [0x0e590000, 0x0e590000, 0x0f6a0000)
 tenured generation   total 349568K, used 349568K [0x0f6a0000, 0x24c00000, 0x24c00000)
   the space 349568K, 100% used [0x0f6a0000, 0x24c00000, 0x24c00000, 0x24c00000)
 Metaspace       used 22006K, capacity 22629K, committed 22912K, reserved 22912K
}

Deoptimization events (0 events):
No events

Classes redefined (0 events):
No events

Internal exceptions (10 events):
Event: 12011.683 Thread 0x27926400 Exception <a 'java/io/IOException'> (0x0e524918) thrown at [C:\workspace\8-2-build-windows-i586-cygwin\jdk8u191\11896\hotspot\src\share\vm\prims\jni.cpp, line 709]
Event: 12011.683 Thread 0x27926400 Exception <a 'java/io/IOException'> (0x0e524b78) thrown at [C:\workspace\8-2-build-windows-i586-cygwin\jdk8u191\11896\hotspot\src\share\vm\prims\jni.cpp, line 709]
Event: 12012.778 Thread 0x27926400 Exception <a 'java/lang/OutOfMemoryError'> (0x0f6f9968) thrown at [C:\workspace\8-2-build-windows-i586-cygwin\jdk8u191\11896\hotspot\src\share\vm\gc_interface/collectedHeap.inline.hpp, line 159]
Event: 12012.778 Thread 0x27926400 Exception <a 'java/lang/OutOfMemoryError'> (0x0f6f9968) thrown at [C:\workspace\8-2-build-windows-i586-cygwin\jdk8u191\11896\hotspot\src\share\vm\prims\jvm.cpp, line 1439]
Event: 12012.778 Thread 0x27926400 Exception <a 'java/lang/OutOfMemoryError'> (0x0f6f9968) thrown at [C:\workspace\8-2-build-windows-i586-cygwin\jdk8u191\11896\hotspot\src\share\vm\prims\jvm.cpp, line 1439]
Event: 12012.779 Thread 0x27926400 Exception <a 'java/io/IOException'> (0x0e526420) thrown at [C:\workspace\8-2-build-windows-i586-cygwin\jdk8u191\11896\hotspot\src\share\vm\prims\jni.cpp, line 709]
Event: 12012.779 Thread 0x27926400 Exception <a 'java/io/IOException'> (0x0e526bc0) thrown at [C:\workspace\8-2-build-windows-i586-cygwin\jdk8u191\11896\hotspot\src\share\vm\prims\jni.cpp, line 709]
Event: 12012.779 Thread 0x27926400 Exception <a 'java/io/IOException'> (0x0e527008) thrown at [C:\workspace\8-2-build-windows-i586-cygwin\jdk8u191\11896\hotspot\src\share\vm\prims\jni.cpp, line 709]
Event: 12012.779 Thread 0x27926400 Exception <a 'java/io/IOException'> (0x0e527268) thrown at [C:\workspace\8-2-build-windows-i586-cygwin\jdk8u191\11896\hotspot\src\share\vm\prims\jni.cpp, line 709]
Event: 12016.159 Thread 0x296b1800 Exception <a 'java/lang/OutOfMemoryError'> (0x0f6f9968) thrown at [C:\workspace\8-2-build-windows-i586-cygwin\jdk8u191\11896\hotspot\src\share\vm\gc_interface/collectedHeap.inline.hpp, line 159]

Events (10 events):
Event: 12014.308 Thread 0x25cda800 flushing nmethod 0x02c8d548
Event: 12014.308 Thread 0x25cda800 flushing nmethod 0x02c8f208
Event: 12014.308 Thread 0x25cda800 flushing nmethod 0x02cbd408
Event: 12014.308 Executing VM operation: GenCollectForAllocation
Event: 12014.766 Executing VM operation: GenCollectForAllocation done
Event: 12014.766 Executing VM operation: GenCollectForAllocation
Event: 12015.240 Executing VM operation: GenCollectForAllocation done
Event: 12015.241 Executing VM operation: GenCollectForAllocation
Event: 12016.159 Executing VM operation: GenCollectForAllocation done
Event: 12016.159 Executing VM operation: GenCollectForAllocation


Dynamic libraries:
0x00c20000 - 0x00c53000 	E:\arduino-1.8.9\java\bin\javaw.exe
0x77670000 - 0x7780c000 	C:\WINDOWS\SYSTEM32\ntdll.dll
0x750b0000 - 0x75190000 	C:\WINDOWS\System32\KERNEL32.DLL
0x74e10000 - 0x7500a000 	C:\WINDOWS\System32\KERNELBASE.dll
0x75c90000 - 0x75d0e000 	C:\WINDOWS\System32\ADVAPI32.dll
0x75eb0000 - 0x75f70000 	C:\WINDOWS\System32\msvcrt.dll
0x76d60000 - 0x76dd9000 	C:\WINDOWS\System32\sechost.dll
0x74cf0000 - 0x74daf000 	C:\WINDOWS\System32\RPCRT4.dll
0x74cd0000 - 0x74cf0000 	C:\WINDOWS\System32\SspiCli.dll
0x74cc0000 - 0x74cca000 	C:\WINDOWS\System32\CRYPTBASE.dll
0x76de0000 - 0x76e42000 	C:\WINDOWS\System32\bcryptPrimitives.dll
0x766a0000 - 0x76839000 	C:\WINDOWS\System32\USER32.dll
0x75fb0000 - 0x75fc7000 	C:\WINDOWS\System32\win32u.dll
0x75540000 - 0x75563000 	C:\WINDOWS\System32\GDI32.dll
0x76e50000 - 0x76fb6000 	C:\WINDOWS\System32\gdi32full.dll
0x75410000 - 0x75490000 	C:\WINDOWS\System32\msvcp_win.dll
0x76570000 - 0x76692000 	C:\WINDOWS\System32\ucrtbase.dll
0x6d150000 - 0x6d35f000 	C:\WINDOWS\WinSxS\x86_microsoft.windows.common-controls_6595b64144ccf1df_6.0.17763.719_none_4d657b2f1b98b05d\COMCTL32.dll
0x75190000 - 0x75408000 	C:\WINDOWS\System32\combase.dll
0x76d30000 - 0x76d55000 	C:\WINDOWS\System32\IMM32.DLL
0x692c0000 - 0x6937f000 	E:\arduino-1.8.9\java\bin\msvcr100.dll
0x64b40000 - 0x64f13000 	E:\arduino-1.8.9\java\bin\client\jvm.dll
0x75fd0000 - 0x75fd6000 	C:\WINDOWS\System32\PSAPI.DLL
0x74850000 - 0x74874000 	C:\WINDOWS\SYSTEM32\WINMM.dll
0x6fe10000 - 0x6fe18000 	C:\WINDOWS\SYSTEM32\WSOCK32.dll
0x75ba0000 - 0x75bff000 	C:\WINDOWS\System32\WS2_32.dll
0x74ca0000 - 0x74ca8000 	C:\WINDOWS\SYSTEM32\VERSION.dll
0x74820000 - 0x74843000 	C:\WINDOWS\SYSTEM32\WINMMBASE.dll
0x75f70000 - 0x75fab000 	C:\WINDOWS\System32\cfgmgr32.dll
0x6a130000 - 0x6a160000 	E:\arduino-1.8.9\java\bin\splashscreen.dll
0x6f660000 - 0x6f6db000 	C:\WINDOWS\system32\uxtheme.dll
0x6a1a0000 - 0x6a1ac000 	E:\arduino-1.8.9\java\bin\verify.dll
0x69de0000 - 0x69e02000 	E:\arduino-1.8.9\java\bin\java.dll
0x76aa0000 - 0x76bdc000 	C:\WINDOWS\System32\MSCTF.dll
0x76fc0000 - 0x77056000 	C:\WINDOWS\System32\OLEAUT32.dll
0x69dc0000 - 0x69dd4000 	E:\arduino-1.8.9\java\bin\zip.dll
0x75c80000 - 0x75c8f000 	C:\WINDOWS\System32\kernel.appcore.dll
0x69d10000 - 0x69d96000 	C:\WINDOWS\System32\TextInputFramework.dll
0x69c80000 - 0x69d0f000 	C:\WINDOWS\System32\CoreMessaging.dll
0x69a10000 - 0x69c7a000 	C:\WINDOWS\System32\CoreUIComponents.dll
0x75490000 - 0x75519000 	C:\WINDOWS\System32\SHCORE.dll
0x70b20000 - 0x70b49000 	C:\WINDOWS\SYSTEM32\ntmarta.dll
0x69930000 - 0x69a0b000 	C:\WINDOWS\SYSTEM32\wintypes.dll
0x6a860000 - 0x6a886000 	C:\WINDOWS\system32\dwmapi.dll
0x75d10000 - 0x75ea9000 	C:\WINDOWS\System32\CRYPT32.dll
0x75010000 - 0x7501e000 	C:\WINDOWS\System32\MSASN1.dll
0x75520000 - 0x75532000 	C:\WINDOWS\System32\CRYPTSP.dll
0x75ff0000 - 0x76541000 	C:\WINDOWS\System32\SHELL32.dll
0x77060000 - 0x7765c000 	C:\WINDOWS\System32\windows.storage.dll
0x75b80000 - 0x75b9c000 	C:\WINDOWS\System32\profapi.dll
0x75c00000 - 0x75c54000 	C:\WINDOWS\System32\powrprof.dll
0x76c50000 - 0x76c94000 	C:\WINDOWS\System32\shlwapi.dll
0x61940000 - 0x619b3000 	E:\arduino-1.8.9\lib\listSerialsj.dll
0x75730000 - 0x75b7b000 	C:\WINDOWS\System32\SETUPAPI.dll
0x76550000 - 0x76569000 	C:\WINDOWS\System32\bcrypt.dll
0x692a0000 - 0x692bd000 	E:\arduino-1.8.9\lib\jnidispatch-4.2.2-win32-x86.dll
0x769a0000 - 0x76a9c000 	C:\WINDOWS\System32\Ole32.dll
0x69280000 - 0x69295000 	E:\arduino-1.8.9\java\bin\net.dll
0x738e0000 - 0x73932000 	C:\WINDOWS\system32\mswsock.dll
0x6a190000 - 0x6a19f000 	E:\arduino-1.8.9\java\bin\nio.dll
0x69130000 - 0x69277000 	E:\arduino-1.8.9\java\bin\awt.dll
0x69e60000 - 0x69efc000 	C:\WINDOWS\SYSTEM32\apphelp.dll
0x690f0000 - 0x69129000 	E:\arduino-1.8.9\java\bin\fontmanager.dll
0x6aa30000 - 0x6ab09000 	C:\WINDOWS\system32\opengl32.dll
0x6a9f0000 - 0x6aa2f000 	C:\WINDOWS\SYSTEM32\GLU32.dll
0x690b0000 - 0x690e2000 	E:\arduino-1.8.9\java\bin\t2k.dll
0x64170000 - 0x64193000 	C:\WINDOWS\SYSTEM32\DEVOBJ.dll
0x756e0000 - 0x75725000 	C:\WINDOWS\System32\WINTRUST.dll
0x74b30000 - 0x74b63000 	C:\WINDOWS\SYSTEM32\IPHLPAPI.DLL
0x75fe0000 - 0x75fe7000 	C:\WINDOWS\System32\NSI.dll
0x74120000 - 0x74133000 	C:\WINDOWS\SYSTEM32\dhcpcsvc6.DLL
0x747b0000 - 0x747c4000 	C:\WINDOWS\SYSTEM32\dhcpcsvc.DLL
0x743f0000 - 0x74480000 	C:\WINDOWS\SYSTEM32\DNSAPI.dll
0x728b0000 - 0x728b8000 	C:\Windows\System32\rasadhlp.dll
0x72f00000 - 0x72f51000 	C:\WINDOWS\System32\fwpuclnt.dll
0x69010000 - 0x69079000 	E:\arduino-1.8.9\msvcp100.dll
0x68f50000 - 0x6900e000 	E:\arduino-1.8.9\msvcr100.dll
0x28290000 - 0x282c2000 	E:\arduino-1.8.9\lib\AStylej.dll
0x68f20000 - 0x68f44000 	E:\arduino-1.8.9\java\bin\dcpr.dll
0x75020000 - 0x750a1000 	C:\WINDOWS\System32\clbcatq.dll
0x68bf0000 - 0x68d61000 	C:\WINDOWS\SYSTEM32\WindowsCodecs.dll
0x55180000 - 0x551cd000 	C:\WINDOWS\system32\dataexchange.dll
0x5e440000 - 0x5e669000 	C:\WINDOWS\system32\d3d11.dll
0x5dcd0000 - 0x5de2f000 	C:\WINDOWS\system32\dcomp.dll
0x6ea30000 - 0x6ead4000 	C:\WINDOWS\system32\dxgi.dll
0x54f40000 - 0x550e3000 	C:\WINDOWS\system32\twinapi.appcore.dll
0x54f20000 - 0x54f3e000 	C:\WINDOWS\system32\RMCLIENT.dll
0x69090000 - 0x690b0000 	E:\arduino-1.8.9\java\bin\sunec.dll
0x745f0000 - 0x7461f000 	C:\WINDOWS\system32\rsaenh.dll
0x74c70000 - 0x74c93000 	C:\WINDOWS\SYSTEM32\USERENV.dll
0x6a120000 - 0x6a129000 	E:\arduino-1.8.9\java\bin\sunmscapi.dll
0x6c110000 - 0x6c2cd000 	C:\WINDOWS\system32\msctfuimanager.dll
0x6bfa0000 - 0x6c10e000 	C:\WINDOWS\system32\DUI70.dll
0x6bf20000 - 0x6bf98000 	C:\WINDOWS\system32\DUser.dll
0x6bd30000 - 0x6bf20000 	C:\WINDOWS\SYSTEM32\UIAutomationCore.dll
0x6e9d0000 - 0x6ea16000 	C:\WINDOWS\SYSTEM32\Bcp47Langs.dll
0x6bca0000 - 0x6bd26000 	C:\WINDOWS\SYSTEM32\sxs.dll
0x6e990000 - 0x6e9cd000 	C:\WINDOWS\System32\UIAnimation.dll
0x6f380000 - 0x6f3d4000 	C:\Windows\System32\oleacc.dll
0x641a0000 - 0x64430000 	C:\WINDOWS\system32\dwrite.dll
0x6b6f0000 - 0x6bc9c000 	C:\WINDOWS\SYSTEM32\D3D10Warp.dll
0x6b670000 - 0x6b6f0000 	C:\WINDOWS\system32\directmanipulation.dll
0x6f630000 - 0x6f65c000 	C:\WINDOWS\system32\xmllite.dll
0x64000000 - 0x6401b000 	C:\Users\Administrator\.jssc\windows\jSSC-2.8_x86.dll
0x6a890000 - 0x6a8cd000 	C:\WINDOWS\SYSTEM32\edputil.dll
0x73d90000 - 0x73f1f000 	C:\WINDOWS\SYSTEM32\dbghelp.dll

VM Arguments:
jvm_args: -Dsun.java2d.d3d=false -Djna.nosys=true -Djna.nounpack=true -Djna.boot.library.name=jnidispatch-4.2.2-win32-x86 -Djna.boot.library.path=E:\arduino-1.8.9/lib -Djssc.library.path=E:\arduino-1.8.9/lib -DAPP_DIR=E:\arduino-1.8.9 -Xms128M -Xmx512M -Dfile.encoding=UTF8 
java_command: processing.app.Base C:\Users\Administrator\Desktop\trash\trash.ino
java_class_path (initial): E:\arduino-1.8.9\lib\apple.jar;E:\arduino-1.8.9\lib\arduino-core.jar;E:\arduino-1.8.9\lib\batik-1.8.jar;E:\arduino-1.8.9\lib\batik-anim-1.8.jar;E:\arduino-1.8.9\lib\batik-awt-util-1.8.jar;E:\arduino-1.8.9\lib\batik-bridge-1.8.jar;E:\arduino-1.8.9\lib\batik-codec-1.8.jar;E:\arduino-1.8.9\lib\batik-css-1.8.jar;E:\arduino-1.8.9\lib\batik-dom-1.8.jar;E:\arduino-1.8.9\lib\batik-ext-1.8.jar;E:\arduino-1.8.9\lib\batik-gvt-1.8.jar;E:\arduino-1.8.9\lib\batik-parser-1.8.jar;E:\arduino-1.8.9\lib\batik-rasterizer-1.8.jar;E:\arduino-1.8.9\lib\batik-script-1.8.jar;E:\arduino-1.8.9\lib\batik-squiggle-1.8.jar;E:\arduino-1.8.9\lib\batik-svg-dom-1.8.jar;E:\arduino-1.8.9\lib\batik-svgpp-1.8.jar;E:\arduino-1.8.9\lib\batik-transcoder-1.8.jar;E:\arduino-1.8.9\lib\batik-util-1.8.jar;E:\arduino-1.8.9\lib\batik-xml-1.8.jar;E:\arduino-1.8.9\lib\bcpg-jdk15on-152.jar;E:\arduino-1.8.9\lib\bcprov-jdk15on-152.jar;E:\arduino-1.8.9\lib\commons-codec-1.7.jar;E:\arduino-1.8.9\lib\commons-compress-1.8.jar;E:\arduino-1.8.9\lib\commons-exec-1.1.jar;E:\arduino-1.8.9\lib\commons-httpclient-3.1.jar;E:\arduino-1.8.9\lib\commons-lang3-3.3.2.jar;E:\arduino-1.8.9\lib\commons-logging-1.0.4.jar;E:\arduino-1.8.9\lib\commons-net-3.3.jar;E:\arduino-1.8.9\lib\jackson-annotations-2.9.5.jar;E:\arduino-1.8.9\lib\jackson-core-2.9.5.jar;E:\arduino-1.8.9\lib\jackson-databind-2.9.5.jar;E:\arduino-1.8.9\lib\jackson-module-mrbean-2.9.5.jar;E:\arduino-1.8.9\lib\java-semver-0.8.0.jar;E:\arduino-1.8.9\lib\jmdns-3.5.3.jar;E:\arduino-1.8.9\lib\jtouchbar-1.0.0.jar;E:\arduino-1.8.9\lib\slf4j-simple-1.7.22.jar;E:\arduino-1.8.9\lib\slf4j-api-1.7.22.jar;E:\arduino-1.8.9\lib\jna-4.2.2.jar;E:\arduino-1.8.9\lib\jna-platform-4.2.2.jar;E:\arduino-1.8.9\lib\jsch-0.1.50.jar;E:\arduino-1.8.9\lib\jssc-2.8.0-arduino3.jar;E:\arduino-1.8.9\lib\pde.jar;E:\arduino-1.8.9\lib\rsyntaxtextarea-3.0.3-SNAPSHOT.jar;E:\arduino-1.8.9\lib\xml-apis-1.3.04.jar;E:\arduino-1.8.9\lib\xml-apis-ext-1.3.04.jar;E:\arduino-1.8.9\lib\xmlgra
Launcher Type: SUN_STANDARD

Environment Variables:
PATH=C:\Program Files (x86)\Common Files\Intel\Shared Files\cpp\bin\Intel64;C:\WINDOWS\system32;C:\WINDOWS;C:\WINDOWS\System32\Wbem;C:\WINDOWS\System32\WindowsPowerShell\v1.0\;E:\Git\cmd;E:\PuTTY\;C:\WINDOWS\System32\OpenSSH\;E:\MySQL\bin;E:\nodejs\;C:\Program Files\dotnet\;C:\Users\Administrator\node_modules\.bin;C:\Users\Administrator\.gitbook\versions\3.2.3\.bin;C:\Users\Administrator\Projects\moddable\build\makefiles\win\release;C:\Users\Administrator\AppData\Local\Programs\Python\Python37\Scripts\;C:\Users\Administrator\AppData\Local\Programs\Python\Python37\;C:\Users\Administrator\AppData\Local\Programs\Python\Python37-32\Scripts\;C:\Users\Administrator\AppData\Local\Programs\Python\Python37-32\;C:\Users\Administrator\node_modules\docsify;C:\Users\Administrator\AppData\Local\Microsoft\WindowsApps;C:\Users\Administrator\Projects\moddable;C:\Users\Administrator\Projects\moddable\build\win\release;E:\Program Files (x86)\Microsoft Visual Studio 14.0\VC\bin;E:\Program Files (x86)\Microsoft Visual Studio 14.0\Common7\IDE;C:\Users\Administrator\Desktop;;E:\arduino-1.8.9\java\bin
USERNAME=Administrator
OS=Windows_NT
PROCESSOR_IDENTIFIER=Intel64 Family 6 Model 158 Stepping 11, GenuineIntel



---------------  S Y S T E M  ---------------

OS: Windows 10.0 , 64 bit Build 17763 (10.0.17763.475)

CPU:total 4 (initial active 4) (4 cores per cpu, 1 threads per core) family 6 model 158 stepping 11, cmov, cx8, fxsr, mmx, sse, sse2, sse3, ssse3, sse4.1, sse4.2, popcnt, avx, avx2, aes, clmul, erms, 3dnowpref, lzcnt, tsc, tscinvbit, bmi1, bmi2, adx

Memory: 4k page, physical 8304760k(3637868k free), swap 12367992k(5346084k free)

vm_info: Java HotSpot(TM) Client VM (25.191-b12) for windows-x86 JRE (1.8.0_191-b12), built on Oct  6 2018 08:34:23 by "java_re" with MS VC++ 10.0 (VS2010)

time: Thu Nov 07 13:28:06 2019
elapsed time: 12016 seconds (0d 3h 20m 16s)

